cl : 命令行 warning D9035: “Gm”选项已否决，并将在将来的版本中移除
  vorbisfile.c
C:\Users\11111\Desktop\工作台\vorbis\lib\vorbisfile.c(258,42): warning C4244: “函数”: 从“ogg_int64_t”转换到“long”，可能丢失数据
C:\Users\11111\Desktop\工作台\vorbis\lib\vorbisfile.c(276,27): warning C4244: “=”: 从“ogg_int64_t”转换到“int”，可能丢失数据
C:\Users\11111\Desktop\工作台\vorbis\lib\vorbisfile.c(548,25): warning C4244: “return”: 从“ogg_int64_t”转换到“int”，可能丢失数据
C:\Users\11111\Desktop\工作台\vorbis\lib\vorbisfile.c(569,23): warning C4244: “return”: 从“ogg_int64_t”转换到“int”，可能丢失数据
C:\Users\11111\Desktop\工作台\vorbis\lib\vorbisfile.c(572,23): warning C4244: “return”: 从“ogg_int64_t”转换到“int”，可能丢失数据
C:\Users\11111\Desktop\工作台\vorbis\lib\vorbisfile.c(582,23): warning C4244: “return”: 从“ogg_int64_t”转换到“int”，可能丢失数据
C:\Users\11111\Desktop\工作台\vorbis\lib\vorbisfile.c(644,23): warning C4244: “return”: 从“ogg_int64_t”转换到“int”，可能丢失数据
C:\Users\11111\Desktop\工作台\vorbis\lib\vorbisfile.c(877,21): warning C4244: “函数”: 从“ogg_int64_t”转换到“long”，可能丢失数据
C:\Users\11111\Desktop\工作台\vorbis\lib\vorbisfile.c(1015,13): warning C4996: 'fopen': This function or variable may be unsafe. Consider using fopen_s instead. To disable deprecation, use _CRT_SECURE_NO_WARNINGS. See online help for details.
C:\Users\11111\Desktop\工作台\vorbis\lib\vorbisfile.c(1121,35): warning C4244: “=”: 从“double”转换到“float”，可能丢失数据
C:\Users\11111\Desktop\工作台\vorbis\lib\vorbisfile.c(1122,21): warning C4244: “return”: 从“double”转换到“long”，可能丢失数据
C:\Users\11111\Desktop\工作台\vorbis\lib\vorbisfile.c(1126,80): warning C4244: “return”: 从“double”转换到“long”，可能丢失数据
C:\Users\11111\Desktop\工作台\vorbis\lib\vorbisfile.c(1154,54): warning C4244: “=”: 从“double”转换到“long”，可能丢失数据
C:\Users\11111\Desktop\工作台\vorbis\lib\vorbisfile.c(1763,39): warning C4244: “=”: 从“ogg_int64_t”转换到“long”，可能丢失数据
C:\Users\11111\Desktop\工作台\vorbis\lib\vorbisfile.c(1800,1): warning C4244: “初始化”: 从“double”转换到“ogg_int64_t”，可能丢失数据
C:\Users\11111\Desktop\工作台\vorbis\lib\vorbisfile.c(1830,1): warning C4244: “初始化”: 从“double”转换到“ogg_int64_t”，可能丢失数据
C:\Users\11111\Desktop\工作台\vorbis\lib\vorbisfile.c(2169,1): warning C4244: “初始化”: 从“double”转换到“float”，可能丢失数据
C:\Program Files (x86)\Microsoft Visual Studio\2019\Community\MSBuild\Microsoft\VC\v160\Microsoft.CppBuild.targets(1545,5): warning MSB8012: TargetPath(C:\Users\11111\Desktop\工作台\vorbis\win32\VS2010\Win32\Debug\libvorbisfile.lib) 与 Library 的 OutputFile 属性值(C:\Users\11111\Desktop\工作台\vorbis\win32\VS2010\Win32\Debug\libvorbisfile_static.lib)不匹配。这可能导致项目生成不正确。若要更正此问题，请确保 $(OutDir)、$(TargetName) 和 $(TargetExt) 属性值与 %(Lib.OutputFile) 中指定的值匹配。
C:\Program Files (x86)\Microsoft Visual Studio\2019\Community\MSBuild\Microsoft\VC\v160\Microsoft.CppBuild.targets(1547,5): warning MSB8012: TargetName(libvorbisfile) 与 Library 的 OutputFile 属性值(libvorbisfile_static)不匹配。这可能导致项目生成不正确。若要更正此问题，请确保 $(OutDir)、$(TargetName) 和 $(TargetExt) 属性值与 %(Lib.OutputFile) 中指定的值匹配。
  libvorbisfile_static.vcxproj -> C:\Users\11111\Desktop\工作台\vorbis\win32\VS2010\Win32\Debug\libvorbisfile.lib
