c:\users\11111\desktop\工作台\vorbis\win32\vs2010\win32\debug\libvorbis_static.pdb
c:\users\11111\desktop\工作台\vorbis\win32\vs2010\win32\debug\libvorbis_static.idb
c:\users\11111\desktop\工作台\vorbis\win32\vs2010\libvorbis\win32\debug\bitrate.obj
c:\users\11111\desktop\工作台\vorbis\win32\vs2010\libvorbis\win32\debug\block.obj
c:\users\11111\desktop\工作台\vorbis\win32\vs2010\libvorbis\win32\debug\codebook.obj
c:\users\11111\desktop\工作台\vorbis\win32\vs2010\libvorbis\win32\debug\envelope.obj
c:\users\11111\desktop\工作台\vorbis\win32\vs2010\libvorbis\win32\debug\floor0.obj
c:\users\11111\desktop\工作台\vorbis\win32\vs2010\libvorbis\win32\debug\floor1.obj
c:\users\11111\desktop\工作台\vorbis\win32\vs2010\libvorbis\win32\debug\info.obj
c:\users\11111\desktop\工作台\vorbis\win32\vs2010\libvorbis\win32\debug\lookup.obj
c:\users\11111\desktop\工作台\vorbis\win32\vs2010\libvorbis\win32\debug\lpc.obj
c:\users\11111\desktop\工作台\vorbis\win32\vs2010\libvorbis\win32\debug\lsp.obj
c:\users\11111\desktop\工作台\vorbis\win32\vs2010\libvorbis\win32\debug\mapping0.obj
c:\users\11111\desktop\工作台\vorbis\win32\vs2010\libvorbis\win32\debug\mdct.obj
c:\users\11111\desktop\工作台\vorbis\win32\vs2010\libvorbis\win32\debug\psy.obj
c:\users\11111\desktop\工作台\vorbis\win32\vs2010\libvorbis\win32\debug\registry.obj
c:\users\11111\desktop\工作台\vorbis\win32\vs2010\libvorbis\win32\debug\res0.obj
c:\users\11111\desktop\工作台\vorbis\win32\vs2010\libvorbis\win32\debug\sharedbook.obj
c:\users\11111\desktop\工作台\vorbis\win32\vs2010\libvorbis\win32\debug\smallft.obj
c:\users\11111\desktop\工作台\vorbis\win32\vs2010\libvorbis\win32\debug\synthesis.obj
c:\users\11111\desktop\工作台\vorbis\win32\vs2010\libvorbis\win32\debug\vorbisenc.obj
c:\users\11111\desktop\工作台\vorbis\win32\vs2010\libvorbis\win32\debug\window.obj
c:\users\11111\desktop\工作台\vorbis\win32\vs2010\libvorbis\win32\debug\analysis.obj
c:\users\11111\desktop\工作台\vorbis\win32\vs2010\win32\debug\libvorbis_static.lib
c:\users\11111\desktop\工作台\vorbis\win32\vs2010\libvorbis\win32\debug\libvorbis_static.tlog\cl.command.1.tlog
c:\users\11111\desktop\工作台\vorbis\win32\vs2010\libvorbis\win32\debug\libvorbis_static.tlog\cl.read.1.tlog
c:\users\11111\desktop\工作台\vorbis\win32\vs2010\libvorbis\win32\debug\libvorbis_static.tlog\cl.write.1.tlog
c:\users\11111\desktop\工作台\vorbis\win32\vs2010\libvorbis\win32\debug\libvorbis_static.tlog\lib-link.read.1.tlog
c:\users\11111\desktop\工作台\vorbis\win32\vs2010\libvorbis\win32\debug\libvorbis_static.tlog\lib-link.write.1.tlog
c:\users\11111\desktop\工作台\vorbis\win32\vs2010\libvorbis\win32\debug\libvorbis_static.tlog\lib.command.1.tlog
